Build started 08-05-2019 13:17:15.
     1>Project "C:\Users\ADMIN\documents\visual studio 2010\Projects\cg_final\cg_final\cg_final.vcxproj" on node 2 (build target(s)).
     1>InitializeBuildStatus:
         Creating "Debug\cg_final.unsuccessfulbuild" because "AlwaysCreate" was specified.
       ClCompile:
         C:\Program Files (x86)\Microsoft Visual Studio 10.0\VC\bin\CL.exe /c /ZI /nologo /W3 /WX- /Od /Oy- /D WIN32 /D _DEBUG /D _CONSOLE /D _UNICODE /D UNICODE /Gm /EHsc /RTC1 /MDd /GS /fp:precise /Zc:wchar_t /Zc:forScope /Fo"Debug\\" /Fd"Debug\vc100.pdb" /Gd /TP /analyze- /errorReport:prompt source.cpp
         source.cpp
     1>c:\users\admin\documents\visual studio 2010\projects\cg_final\cg_final\source.cpp(21): warning C4305: 'argument' : truncation from 'double' to 'GLfloat'
     1>c:\users\admin\documents\visual studio 2010\projects\cg_final\cg_final\source.cpp(21): warning C4305: 'argument' : truncation from 'double' to 'GLfloat'
     1>c:\users\admin\documents\visual studio 2010\projects\cg_final\cg_final\source.cpp(22): warning C4305: 'argument' : truncation from 'double' to 'GLfloat'
     1>c:\users\admin\documents\visual studio 2010\projects\cg_final\cg_final\source.cpp(22): warning C4305: 'argument' : truncation from 'double' to 'GLfloat'
     1>c:\users\admin\documents\visual studio 2010\projects\cg_final\cg_final\source.cpp(23): warning C4305: 'argument' : truncation from 'double' to 'GLfloat'
     1>c:\users\admin\documents\visual studio 2010\projects\cg_final\cg_final\source.cpp(23): warning C4305: 'argument' : truncation from 'double' to 'GLfloat'
     1>c:\users\admin\documents\visual studio 2010\projects\cg_final\cg_final\source.cpp(24): warning C4305: 'argument' : truncation from 'double' to 'GLfloat'
     1>c:\users\admin\documents\visual studio 2010\projects\cg_final\cg_final\source.cpp(25): warning C4305: 'argument' : truncation from 'double' to 'GLfloat'
     1>c:\users\admin\documents\visual studio 2010\projects\cg_final\cg_final\source.cpp(25): warning C4305: 'argument' : truncation from 'double' to 'GLfloat'
     1>c:\users\admin\documents\visual studio 2010\projects\cg_final\cg_final\source.cpp(26): warning C4305: 'argument' : truncation from 'double' to 'GLfloat'
     1>c:\users\admin\documents\visual studio 2010\projects\cg_final\cg_final\source.cpp(26): warning C4305: 'argument' : truncation from 'double' to 'GLfloat'
     1>c:\users\admin\documents\visual studio 2010\projects\cg_final\cg_final\source.cpp(27): warning C4305: 'argument' : truncation from 'double' to 'GLfloat'
     1>c:\users\admin\documents\visual studio 2010\projects\cg_final\cg_final\source.cpp(27): warning C4305: 'argument' : truncation from 'double' to 'GLfloat'
     1>c:\users\admin\documents\visual studio 2010\projects\cg_final\cg_final\source.cpp(28): warning C4305: 'argument' : truncation from 'double' to 'GLfloat'
     1>c:\users\admin\documents\visual studio 2010\projects\cg_final\cg_final\source.cpp(28): warning C4305: 'argument' : truncation from 'double' to 'GLfloat'
     1>c:\users\admin\documents\visual studio 2010\projects\cg_final\cg_final\source.cpp(33): warning C4305: 'argument' : truncation from 'double' to 'GLfloat'
     1>c:\users\admin\documents\visual studio 2010\projects\cg_final\cg_final\source.cpp(33): warning C4305: 'argument' : truncation from 'double' to 'GLfloat'
     1>c:\users\admin\documents\visual studio 2010\projects\cg_final\cg_final\source.cpp(34): warning C4305: 'argument' : truncation from 'double' to 'GLfloat'
     1>c:\users\admin\documents\visual studio 2010\projects\cg_final\cg_final\source.cpp(40): warning C4305: 'initializing' : truncation from 'double' to 'GLfloat'
     1>c:\users\admin\documents\visual studio 2010\projects\cg_final\cg_final\source.cpp(40): warning C4305: 'initializing' : truncation from 'double' to 'GLfloat'
     1>c:\users\admin\documents\visual studio 2010\projects\cg_final\cg_final\source.cpp(40): warning C4305: 'initializing' : truncation from 'double' to 'GLfloat'
     1>c:\users\admin\documents\visual studio 2010\projects\cg_final\cg_final\source.cpp(53): warning C4305: 'argument' : truncation from 'double' to 'GLfloat'
     1>c:\users\admin\documents\visual studio 2010\projects\cg_final\cg_final\source.cpp(57): warning C4305: 'argument' : truncation from 'double' to 'GLfloat'
     1>c:\users\admin\documents\visual studio 2010\projects\cg_final\cg_final\source.cpp(58): warning C4305: 'argument' : truncation from 'double' to 'GLfloat'
     1>c:\users\admin\documents\visual studio 2010\projects\cg_final\cg_final\source.cpp(58): warning C4305: 'argument' : truncation from 'double' to 'GLfloat'
     1>c:\users\admin\documents\visual studio 2010\projects\cg_final\cg_final\source.cpp(62): warning C4305: 'argument' : truncation from 'double' to 'GLfloat'
     1>c:\users\admin\documents\visual studio 2010\projects\cg_final\cg_final\source.cpp(63): warning C4305: 'argument' : truncation from 'double' to 'GLfloat'
     1>c:\users\admin\documents\visual studio 2010\projects\cg_final\cg_final\source.cpp(63): warning C4305: 'argument' : truncation from 'double' to 'GLfloat'
     1>c:\users\admin\documents\visual studio 2010\projects\cg_final\cg_final\source.cpp(67): warning C4305: 'argument' : truncation from 'double' to 'GLfloat'
     1>c:\users\admin\documents\visual studio 2010\projects\cg_final\cg_final\source.cpp(68): warning C4305: 'argument' : truncation from 'double' to 'GLfloat'
     1>c:\users\admin\documents\visual studio 2010\projects\cg_final\cg_final\source.cpp(68): warning C4305: 'argument' : truncation from 'double' to 'GLfloat'
     1>c:\users\admin\documents\visual studio 2010\projects\cg_final\cg_final\source.cpp(72): warning C4305: 'argument' : truncation from 'double' to 'GLfloat'
     1>c:\users\admin\documents\visual studio 2010\projects\cg_final\cg_final\source.cpp(73): warning C4305: 'argument' : truncation from 'double' to 'GLfloat'
     1>c:\users\admin\documents\visual studio 2010\projects\cg_final\cg_final\source.cpp(73): warning C4305: 'argument' : truncation from 'double' to 'GLfloat'
     1>c:\users\admin\documents\visual studio 2010\projects\cg_final\cg_final\source.cpp(102): warning C4305: 'argument' : truncation from 'double' to 'GLfloat'
     1>c:\users\admin\documents\visual studio 2010\projects\cg_final\cg_final\source.cpp(102): warning C4305: 'argument' : truncation from 'double' to 'GLfloat'
     1>c:\users\admin\documents\visual studio 2010\projects\cg_final\cg_final\source.cpp(103): warning C4305: 'argument' : truncation from 'double' to 'GLfloat'
     1>c:\users\admin\documents\visual studio 2010\projects\cg_final\cg_final\source.cpp(103): warning C4305: 'argument' : truncation from 'double' to 'GLfloat'
     1>c:\users\admin\documents\visual studio 2010\projects\cg_final\cg_final\source.cpp(104): warning C4305: 'argument' : truncation from 'double' to 'GLfloat'
     1>c:\users\admin\documents\visual studio 2010\projects\cg_final\cg_final\source.cpp(104): warning C4305: 'argument' : truncation from 'double' to 'GLfloat'
     1>c:\users\admin\documents\visual studio 2010\projects\cg_final\cg_final\source.cpp(105): warning C4305: 'argument' : truncation from 'double' to 'GLfloat'
     1>c:\users\admin\documents\visual studio 2010\projects\cg_final\cg_final\source.cpp(105): warning C4305: 'argument' : truncation from 'double' to 'GLfloat'
     1>c:\users\admin\documents\visual studio 2010\projects\cg_final\cg_final\source.cpp(113): warning C4305: 'argument' : truncation from 'double' to 'GLfloat'
     1>c:\users\admin\documents\visual studio 2010\projects\cg_final\cg_final\source.cpp(113): warning C4305: 'argument' : truncation from 'double' to 'GLfloat'
     1>c:\users\admin\documents\visual studio 2010\projects\cg_final\cg_final\source.cpp(114): warning C4305: 'argument' : truncation from 'double' to 'GLfloat'
     1>c:\users\admin\documents\visual studio 2010\projects\cg_final\cg_final\source.cpp(114): warning C4305: 'argument' : truncation from 'double' to 'GLfloat'
     1>c:\users\admin\documents\visual studio 2010\projects\cg_final\cg_final\source.cpp(115): warning C4305: 'argument' : truncation from 'double' to 'GLfloat'
     1>c:\users\admin\documents\visual studio 2010\projects\cg_final\cg_final\source.cpp(115): warning C4305: 'argument' : truncation from 'double' to 'GLfloat'
     1>c:\users\admin\documents\visual studio 2010\projects\cg_final\cg_final\source.cpp(116): warning C4305: 'argument' : truncation from 'double' to 'GLfloat'
     1>c:\users\admin\documents\visual studio 2010\projects\cg_final\cg_final\source.cpp(116): warning C4305: 'argument' : truncation from 'double' to 'GLfloat'
     1>c:\users\admin\documents\visual studio 2010\projects\cg_final\cg_final\source.cpp(121): warning C4305: 'argument' : truncation from 'double' to 'GLfloat'
     1>c:\users\admin\documents\visual studio 2010\projects\cg_final\cg_final\source.cpp(121): warning C4305: 'argument' : truncation from 'double' to 'GLfloat'
     1>c:\users\admin\documents\visual studio 2010\projects\cg_final\cg_final\source.cpp(122): warning C4305: 'argument' : truncation from 'double' to 'GLfloat'
     1>c:\users\admin\documents\visual studio 2010\projects\cg_final\cg_final\source.cpp(122): warning C4305: 'argument' : truncation from 'double' to 'GLfloat'
     1>c:\users\admin\documents\visual studio 2010\projects\cg_final\cg_final\source.cpp(123): warning C4305: 'argument' : truncation from 'double' to 'GLfloat'
     1>c:\users\admin\documents\visual studio 2010\projects\cg_final\cg_final\source.cpp(123): warning C4305: 'argument' : truncation from 'double' to 'GLfloat'
     1>c:\users\admin\documents\visual studio 2010\projects\cg_final\cg_final\source.cpp(124): warning C4305: 'argument' : truncation from 'double' to 'GLfloat'
     1>c:\users\admin\documents\visual studio 2010\projects\cg_final\cg_final\source.cpp(124): warning C4305: 'argument' : truncation from 'double' to 'GLfloat'
     1>c:\users\admin\documents\visual studio 2010\projects\cg_final\cg_final\source.cpp(129): warning C4305: 'argument' : truncation from 'double' to 'GLfloat'
     1>c:\users\admin\documents\visual studio 2010\projects\cg_final\cg_final\source.cpp(129): warning C4305: 'argument' : truncation from 'double' to 'GLfloat'
     1>c:\users\admin\documents\visual studio 2010\projects\cg_final\cg_final\source.cpp(130): warning C4305: 'argument' : truncation from 'double' to 'GLfloat'
     1>c:\users\admin\documents\visual studio 2010\projects\cg_final\cg_final\source.cpp(130): warning C4305: 'argument' : truncation from 'double' to 'GLfloat'
     1>c:\users\admin\documents\visual studio 2010\projects\cg_final\cg_final\source.cpp(131): warning C4305: 'argument' : truncation from 'double' to 'GLfloat'
     1>c:\users\admin\documents\visual studio 2010\projects\cg_final\cg_final\source.cpp(131): warning C4305: 'argument' : truncation from 'double' to 'GLfloat'
     1>c:\users\admin\documents\visual studio 2010\projects\cg_final\cg_final\source.cpp(132): warning C4305: 'argument' : truncation from 'double' to 'GLfloat'
     1>c:\users\admin\documents\visual studio 2010\projects\cg_final\cg_final\source.cpp(132): warning C4305: 'argument' : truncation from 'double' to 'GLfloat'
     1>c:\users\admin\documents\visual studio 2010\projects\cg_final\cg_final\source.cpp(137): warning C4305: 'argument' : truncation from 'double' to 'GLfloat'
     1>c:\users\admin\documents\visual studio 2010\projects\cg_final\cg_final\source.cpp(137): warning C4305: 'argument' : truncation from 'double' to 'GLfloat'
     1>c:\users\admin\documents\visual studio 2010\projects\cg_final\cg_final\source.cpp(138): warning C4305: 'argument' : truncation from 'double' to 'GLfloat'
     1>c:\users\admin\documents\visual studio 2010\projects\cg_final\cg_final\source.cpp(138): warning C4305: 'argument' : truncation from 'double' to 'GLfloat'
     1>c:\users\admin\documents\visual studio 2010\projects\cg_final\cg_final\source.cpp(139): warning C4305: 'argument' : truncation from 'double' to 'GLfloat'
     1>c:\users\admin\documents\visual studio 2010\projects\cg_final\cg_final\source.cpp(139): warning C4305: 'argument' : truncation from 'double' to 'GLfloat'
     1>c:\users\admin\documents\visual studio 2010\projects\cg_final\cg_final\source.cpp(140): warning C4305: 'argument' : truncation from 'double' to 'GLfloat'
     1>c:\users\admin\documents\visual studio 2010\projects\cg_final\cg_final\source.cpp(140): warning C4305: 'argument' : truncation from 'double' to 'GLfloat'
     1>c:\users\admin\documents\visual studio 2010\projects\cg_final\cg_final\source.cpp(145): warning C4305: 'argument' : truncation from 'double' to 'GLfloat'
     1>c:\users\admin\documents\visual studio 2010\projects\cg_final\cg_final\source.cpp(145): warning C4305: 'argument' : truncation from 'double' to 'GLfloat'
     1>c:\users\admin\documents\visual studio 2010\projects\cg_final\cg_final\source.cpp(146): warning C4305: 'argument' : truncation from 'double' to 'GLfloat'
     1>c:\users\admin\documents\visual studio 2010\projects\cg_final\cg_final\source.cpp(146): warning C4305: 'argument' : truncation from 'double' to 'GLfloat'
     1>c:\users\admin\documents\visual studio 2010\projects\cg_final\cg_final\source.cpp(147): warning C4305: 'argument' : truncation from 'double' to 'GLfloat'
     1>c:\users\admin\documents\visual studio 2010\projects\cg_final\cg_final\source.cpp(147): warning C4305: 'argument' : truncation from 'double' to 'GLfloat'
     1>c:\users\admin\documents\visual studio 2010\projects\cg_final\cg_final\source.cpp(148): warning C4305: 'argument' : truncation from 'double' to 'GLfloat'
     1>c:\users\admin\documents\visual studio 2010\projects\cg_final\cg_final\source.cpp(148): warning C4305: 'argument' : truncation from 'double' to 'GLfloat'
     1>c:\users\admin\documents\visual studio 2010\projects\cg_final\cg_final\source.cpp(153): warning C4305: 'argument' : truncation from 'double' to 'GLfloat'
     1>c:\users\admin\documents\visual studio 2010\projects\cg_final\cg_final\source.cpp(153): warning C4305: 'argument' : truncation from 'double' to 'GLfloat'
     1>c:\users\admin\documents\visual studio 2010\projects\cg_final\cg_final\source.cpp(154): warning C4305: 'argument' : truncation from 'double' to 'GLfloat'
     1>c:\users\admin\documents\visual studio 2010\projects\cg_final\cg_final\source.cpp(154): warning C4305: 'argument' : truncation from 'double' to 'GLfloat'
     1>c:\users\admin\documents\visual studio 2010\projects\cg_final\cg_final\source.cpp(155): warning C4305: 'argument' : truncation from 'double' to 'GLfloat'
     1>c:\users\admin\documents\visual studio 2010\projects\cg_final\cg_final\source.cpp(155): warning C4305: 'argument' : truncation from 'double' to 'GLfloat'
     1>c:\users\admin\documents\visual studio 2010\projects\cg_final\cg_final\source.cpp(156): warning C4305: 'argument' : truncation from 'double' to 'GLfloat'
     1>c:\users\admin\documents\visual studio 2010\projects\cg_final\cg_final\source.cpp(156): warning C4305: 'argument' : truncation from 'double' to 'GLfloat'
     1>c:\users\admin\documents\visual studio 2010\projects\cg_final\cg_final\source.cpp(161): warning C4305: 'argument' : truncation from 'double' to 'GLfloat'
     1>c:\users\admin\documents\visual studio 2010\projects\cg_final\cg_final\source.cpp(161): warning C4305: 'argument' : truncation from 'double' to 'GLfloat'
     1>c:\users\admin\documents\visual studio 2010\projects\cg_final\cg_final\source.cpp(162): warning C4305: 'argument' : truncation from 'double' to 'GLfloat'
     1>c:\users\admin\documents\visual studio 2010\projects\cg_final\cg_final\source.cpp(162): warning C4305: 'argument' : truncation from 'double' to 'GLfloat'
     1>c:\users\admin\documents\visual studio 2010\projects\cg_final\cg_final\source.cpp(163): warning C4305: 'argument' : truncation from 'double' to 'GLfloat'
     1>c:\users\admin\documents\visual studio 2010\projects\cg_final\cg_final\source.cpp(164): warning C4305: 'argument' : truncation from 'double' to 'GLfloat'
     1>c:\users\admin\documents\visual studio 2010\projects\cg_final\cg_final\source.cpp(169): warning C4305: 'argument' : truncation from 'double' to 'GLfloat'
     1>c:\users\admin\documents\visual studio 2010\projects\cg_final\cg_final\source.cpp(170): warning C4305: 'argument' : truncation from 'double' to 'GLfloat'
     1>c:\users\admin\documents\visual studio 2010\projects\cg_final\cg_final\source.cpp(170): warning C4305: 'argument' : truncation from 'double' to 'GLfloat'
     1>c:\users\admin\documents\visual studio 2010\projects\cg_final\cg_final\source.cpp(171): warning C4305: 'argument' : truncation from 'double' to 'GLfloat'
     1>c:\users\admin\documents\visual studio 2010\projects\cg_final\cg_final\source.cpp(171): warning C4305: 'argument' : truncation from 'double' to 'GLfloat'
     1>c:\users\admin\documents\visual studio 2010\projects\cg_final\cg_final\source.cpp(172): warning C4305: 'argument' : truncation from 'double' to 'GLfloat'
     1>c:\users\admin\documents\visual studio 2010\projects\cg_final\cg_final\source.cpp(177): warning C4305: 'argument' : truncation from 'double' to 'GLfloat'
     1>c:\users\admin\documents\visual studio 2010\projects\cg_final\cg_final\source.cpp(178): warning C4305: 'argument' : truncation from 'double' to 'GLfloat'
     1>c:\users\admin\documents\visual studio 2010\projects\cg_final\cg_final\source.cpp(179): warning C4305: 'argument' : truncation from 'double' to 'GLfloat'
     1>c:\users\admin\documents\visual studio 2010\projects\cg_final\cg_final\source.cpp(179): warning C4305: 'argument' : truncation from 'double' to 'GLfloat'
     1>c:\users\admin\documents\visual studio 2010\projects\cg_final\cg_final\source.cpp(180): warning C4305: 'argument' : truncation from 'double' to 'GLfloat'
     1>c:\users\admin\documents\visual studio 2010\projects\cg_final\cg_final\source.cpp(180): warning C4305: 'argument' : truncation from 'double' to 'GLfloat'
     1>c:\users\admin\documents\visual studio 2010\projects\cg_final\cg_final\source.cpp(192): warning C4305: 'argument' : truncation from 'double' to 'GLfloat'
     1>c:\users\admin\documents\visual studio 2010\projects\cg_final\cg_final\source.cpp(197): warning C4305: 'argument' : truncation from 'double' to 'GLfloat'
     1>c:\users\admin\documents\visual studio 2010\projects\cg_final\cg_final\source.cpp(198): warning C4305: 'argument' : truncation from 'double' to 'GLfloat'
     1>c:\users\admin\documents\visual studio 2010\projects\cg_final\cg_final\source.cpp(202): warning C4305: 'argument' : truncation from 'double' to 'GLfloat'
     1>c:\users\admin\documents\visual studio 2010\projects\cg_final\cg_final\source.cpp(203): warning C4305: 'argument' : truncation from 'double' to 'GLfloat'
     1>c:\users\admin\documents\visual studio 2010\projects\cg_final\cg_final\source.cpp(207): warning C4305: 'argument' : truncation from 'double' to 'GLfloat'
     1>c:\users\admin\documents\visual studio 2010\projects\cg_final\cg_final\source.cpp(208): warning C4305: 'argument' : truncation from 'double' to 'GLfloat'
     1>c:\users\admin\documents\visual studio 2010\projects\cg_final\cg_final\source.cpp(212): warning C4305: 'argument' : truncation from 'double' to 'GLfloat'
     1>c:\users\admin\documents\visual studio 2010\projects\cg_final\cg_final\source.cpp(213): warning C4305: 'argument' : truncation from 'double' to 'GLfloat'
     1>c:\users\admin\documents\visual studio 2010\projects\cg_final\cg_final\source.cpp(213): warning C4305: 'argument' : truncation from 'double' to 'GLfloat'
     1>c:\users\admin\documents\visual studio 2010\projects\cg_final\cg_final\source.cpp(217): warning C4305: 'argument' : truncation from 'double' to 'GLfloat'
     1>c:\users\admin\documents\visual studio 2010\projects\cg_final\cg_final\source.cpp(218): warning C4305: 'argument' : truncation from 'double' to 'GLfloat'
     1>c:\users\admin\documents\visual studio 2010\projects\cg_final\cg_final\source.cpp(218): warning C4305: 'argument' : truncation from 'double' to 'GLfloat'
     1>c:\users\admin\documents\visual studio 2010\projects\cg_final\cg_final\source.cpp(235): warning C4305: 'argument' : truncation from 'double' to 'GLfloat'
     1>c:\users\admin\documents\visual studio 2010\projects\cg_final\cg_final\source.cpp(236): warning C4305: 'argument' : truncation from 'double' to 'GLfloat'
     1>c:\users\admin\documents\visual studio 2010\projects\cg_final\cg_final\source.cpp(236): warning C4305: 'argument' : truncation from 'double' to 'GLfloat'
     1>c:\users\admin\documents\visual studio 2010\projects\cg_final\cg_final\source.cpp(237): warning C4305: 'argument' : truncation from 'double' to 'GLfloat'
     1>c:\users\admin\documents\visual studio 2010\projects\cg_final\cg_final\source.cpp(237): warning C4305: 'argument' : truncation from 'double' to 'GLfloat'
     1>c:\users\admin\documents\visual studio 2010\projects\cg_final\cg_final\source.cpp(238): warning C4305: 'argument' : truncation from 'double' to 'GLfloat'
     1>c:\users\admin\documents\visual studio 2010\projects\cg_final\cg_final\source.cpp(244): warning C4305: 'argument' : truncation from 'double' to 'GLfloat'
     1>c:\users\admin\documents\visual studio 2010\projects\cg_final\cg_final\source.cpp(245): warning C4305: 'argument' : truncation from 'double' to 'GLfloat'
     1>c:\users\admin\documents\visual studio 2010\projects\cg_final\cg_final\source.cpp(245): warning C4305: 'argument' : truncation from 'double' to 'GLfloat'
     1>c:\users\admin\documents\visual studio 2010\projects\cg_final\cg_final\source.cpp(246): warning C4305: 'argument' : truncation from 'double' to 'GLfloat'
     1>c:\users\admin\documents\visual studio 2010\projects\cg_final\cg_final\source.cpp(246): warning C4305: 'argument' : truncation from 'double' to 'GLfloat'
     1>c:\users\admin\documents\visual studio 2010\projects\cg_final\cg_final\source.cpp(247): warning C4305: 'argument' : truncation from 'double' to 'GLfloat'
     1>c:\users\admin\documents\visual studio 2010\projects\cg_final\cg_final\source.cpp(257): warning C4305: 'argument' : truncation from 'double' to 'GLfloat'
     1>c:\users\admin\documents\visual studio 2010\projects\cg_final\cg_final\source.cpp(257): warning C4305: 'argument' : truncation from 'double' to 'GLfloat'
     1>c:\users\admin\documents\visual studio 2010\projects\cg_final\cg_final\source.cpp(258): warning C4305: 'argument' : truncation from 'double' to 'GLfloat'
     1>c:\users\admin\documents\visual studio 2010\projects\cg_final\cg_final\source.cpp(258): warning C4305: 'argument' : truncation from 'double' to 'GLfloat'
     1>c:\users\admin\documents\visual studio 2010\projects\cg_final\cg_final\source.cpp(259): warning C4305: 'argument' : truncation from 'double' to 'GLfloat'
     1>c:\users\admin\documents\visual studio 2010\projects\cg_final\cg_final\source.cpp(259): warning C4305: 'argument' : truncation from 'double' to 'GLfloat'
     1>c:\users\admin\documents\visual studio 2010\projects\cg_final\cg_final\source.cpp(260): warning C4305: 'argument' : truncation from 'double' to 'GLfloat'
     1>c:\users\admin\documents\visual studio 2010\projects\cg_final\cg_final\source.cpp(260): warning C4305: 'argument' : truncation from 'double' to 'GLfloat'
     1>c:\users\admin\documents\visual studio 2010\projects\cg_final\cg_final\source.cpp(268): warning C4305: 'argument' : truncation from 'double' to 'GLfloat'
     1>c:\users\admin\documents\visual studio 2010\projects\cg_final\cg_final\source.cpp(269): warning C4305: 'argument' : truncation from 'double' to 'GLfloat'
     1>c:\users\admin\documents\visual studio 2010\projects\cg_final\cg_final\source.cpp(270): warning C4305: 'argument' : truncation from 'double' to 'GLfloat'
     1>c:\users\admin\documents\visual studio 2010\projects\cg_final\cg_final\source.cpp(271): warning C4305: 'argument' : truncation from 'double' to 'GLfloat'
     1>c:\users\admin\documents\visual studio 2010\projects\cg_final\cg_final\source.cpp(279): warning C4305: 'argument' : truncation from 'double' to 'GLfloat'
     1>c:\users\admin\documents\visual studio 2010\projects\cg_final\cg_final\source.cpp(280): warning C4305: 'argument' : truncation from 'double' to 'GLfloat'
     1>c:\users\admin\documents\visual studio 2010\projects\cg_final\cg_final\source.cpp(281): warning C4305: 'argument' : truncation from 'double' to 'GLfloat'
     1>c:\users\admin\documents\visual studio 2010\projects\cg_final\cg_final\source.cpp(282): warning C4305: 'argument' : truncation from 'double' to 'GLfloat'
     1>c:\users\admin\documents\visual studio 2010\projects\cg_final\cg_final\source.cpp(293): warning C4305: 'argument' : truncation from 'double' to 'GLfloat'
     1>c:\users\admin\documents\visual studio 2010\projects\cg_final\cg_final\source.cpp(293): warning C4305: 'argument' : truncation from 'double' to 'GLfloat'
     1>c:\users\admin\documents\visual studio 2010\projects\cg_final\cg_final\source.cpp(300): warning C4305: 'argument' : truncation from 'double' to 'GLfloat'
     1>c:\users\admin\documents\visual studio 2010\projects\cg_final\cg_final\source.cpp(301): warning C4305: 'argument' : truncation from 'double' to 'GLfloat'
     1>c:\users\admin\documents\visual studio 2010\projects\cg_final\cg_final\source.cpp(302): warning C4305: 'argument' : truncation from 'double' to 'GLfloat'
     1>c:\users\admin\documents\visual studio 2010\projects\cg_final\cg_final\source.cpp(303): warning C4305: 'argument' : truncation from 'double' to 'GLfloat'
     1>c:\users\admin\documents\visual studio 2010\projects\cg_final\cg_final\source.cpp(309): warning C4305: 'argument' : truncation from 'double' to 'GLfloat'
     1>c:\users\admin\documents\visual studio 2010\projects\cg_final\cg_final\source.cpp(309): warning C4305: 'argument' : truncation from 'double' to 'GLfloat'
     1>c:\users\admin\documents\visual studio 2010\projects\cg_final\cg_final\source.cpp(310): warning C4305: 'argument' : truncation from 'double' to 'GLfloat'
     1>c:\users\admin\documents\visual studio 2010\projects\cg_final\cg_final\source.cpp(311): warning C4305: 'argument' : truncation from 'double' to 'GLfloat'
     1>c:\users\admin\documents\visual studio 2010\projects\cg_final\cg_final\source.cpp(312): warning C4305: 'argument' : truncation from 'double' to 'GLfloat'
     1>c:\users\admin\documents\visual studio 2010\projects\cg_final\cg_final\source.cpp(312): warning C4305: 'argument' : truncation from 'double' to 'GLfloat'
     1>c:\users\admin\documents\visual studio 2010\projects\cg_final\cg_final\source.cpp(319): warning C4305: 'argument' : truncation from 'double' to 'GLfloat'
     1>c:\users\admin\documents\visual studio 2010\projects\cg_final\cg_final\source.cpp(320): warning C4305: 'argument' : truncation from 'double' to 'GLfloat'
     1>c:\users\admin\documents\visual studio 2010\projects\cg_final\cg_final\source.cpp(321): warning C4305: 'argument' : truncation from 'double' to 'GLfloat'
     1>c:\users\admin\documents\visual studio 2010\projects\cg_final\cg_final\source.cpp(322): warning C4305: 'argument' : truncation from 'double' to 'GLfloat'
     1>c:\users\admin\documents\visual studio 2010\projects\cg_final\cg_final\source.cpp(331): warning C4305: 'argument' : truncation from 'double' to 'GLfloat'
     1>c:\users\admin\documents\visual studio 2010\projects\cg_final\cg_final\source.cpp(336): warning C4305: 'argument' : truncation from 'double' to 'GLfloat'
     1>c:\users\admin\documents\visual studio 2010\projects\cg_final\cg_final\source.cpp(337): warning C4305: 'argument' : truncation from 'double' to 'GLfloat'
     1>c:\users\admin\documents\visual studio 2010\projects\cg_final\cg_final\source.cpp(341): warning C4305: 'argument' : truncation from 'double' to 'GLfloat'
     1>c:\users\admin\documents\visual studio 2010\projects\cg_final\cg_final\source.cpp(342): warning C4305: 'argument' : truncation from 'double' to 'GLfloat'
     1>c:\users\admin\documents\visual studio 2010\projects\cg_final\cg_final\source.cpp(346): warning C4305: 'argument' : truncation from 'double' to 'GLfloat'
     1>c:\users\admin\documents\visual studio 2010\projects\cg_final\cg_final\source.cpp(347): warning C4305: 'argument' : truncation from 'double' to 'GLfloat'
     1>c:\users\admin\documents\visual studio 2010\projects\cg_final\cg_final\source.cpp(351): warning C4305: 'argument' : truncation from 'double' to 'GLfloat'
     1>c:\users\admin\documents\visual studio 2010\projects\cg_final\cg_final\source.cpp(352): warning C4305: 'argument' : truncation from 'double' to 'GLfloat'
     1>c:\users\admin\documents\visual studio 2010\projects\cg_final\cg_final\source.cpp(352): warning C4305: 'argument' : truncation from 'double' to 'GLfloat'
     1>c:\users\admin\documents\visual studio 2010\projects\cg_final\cg_final\source.cpp(356): warning C4305: 'argument' : truncation from 'double' to 'GLfloat'
     1>c:\users\admin\documents\visual studio 2010\projects\cg_final\cg_final\source.cpp(357): warning C4305: 'argument' : truncation from 'double' to 'GLfloat'
     1>c:\users\admin\documents\visual studio 2010\projects\cg_final\cg_final\source.cpp(357): warning C4305: 'argument' : truncation from 'double' to 'GLfloat'
     1>c:\users\admin\documents\visual studio 2010\projects\cg_final\cg_final\source.cpp(391): warning C4305: 'argument' : truncation from 'double' to 'GLfloat'
     1>c:\users\admin\documents\visual studio 2010\projects\cg_final\cg_final\source.cpp(395): warning C4305: 'argument' : truncation from 'double' to 'GLfloat'
     1>c:\users\admin\documents\visual studio 2010\projects\cg_final\cg_final\source.cpp(395): warning C4305: 'argument' : truncation from 'double' to 'GLfloat'
     1>c:\users\admin\documents\visual studio 2010\projects\cg_final\cg_final\source.cpp(396): warning C4305: 'argument' : truncation from 'double' to 'GLfloat'
     1>c:\users\admin\documents\visual studio 2010\projects\cg_final\cg_final\source.cpp(396): warning C4305: 'argument' : truncation from 'double' to 'GLfloat'
     1>c:\users\admin\documents\visual studio 2010\projects\cg_final\cg_final\source.cpp(397): warning C4305: 'argument' : truncation from 'double' to 'GLfloat'
     1>c:\users\admin\documents\visual studio 2010\projects\cg_final\cg_final\source.cpp(397): warning C4305: 'argument' : truncation from 'double' to 'GLfloat'
     1>c:\users\admin\documents\visual studio 2010\projects\cg_final\cg_final\source.cpp(398): warning C4305: 'argument' : truncation from 'double' to 'GLfloat'
     1>c:\users\admin\documents\visual studio 2010\projects\cg_final\cg_final\source.cpp(398): warning C4305: 'argument' : truncation from 'double' to 'GLfloat'
     1>c:\users\admin\documents\visual studio 2010\projects\cg_final\cg_final\source.cpp(402): warning C4305: 'argument' : truncation from 'double' to 'GLfloat'
     1>c:\users\admin\documents\visual studio 2010\projects\cg_final\cg_final\source.cpp(402): warning C4305: 'argument' : truncation from 'double' to 'GLfloat'
     1>c:\users\admin\documents\visual studio 2010\projects\cg_final\cg_final\source.cpp(403): warning C4305: 'argument' : truncation from 'double' to 'GLfloat'
     1>c:\users\admin\documents\visual studio 2010\projects\cg_final\cg_final\source.cpp(403): warning C4305: 'argument' : truncation from 'double' to 'GLfloat'
     1>c:\users\admin\documents\visual studio 2010\projects\cg_final\cg_final\source.cpp(404): warning C4305: 'argument' : truncation from 'double' to 'GLfloat'
     1>c:\users\admin\documents\visual studio 2010\projects\cg_final\cg_final\source.cpp(404): warning C4305: 'argument' : truncation from 'double' to 'GLfloat'
     1>c:\users\admin\documents\visual studio 2010\projects\cg_final\cg_final\source.cpp(405): warning C4305: 'argument' : truncation from 'double' to 'GLfloat'
     1>c:\users\admin\documents\visual studio 2010\projects\cg_final\cg_final\source.cpp(405): warning C4305: 'argument' : truncation from 'double' to 'GLfloat'
     1>c:\users\admin\documents\visual studio 2010\projects\cg_final\cg_final\source.cpp(426): warning C4305: 'argument' : truncation from 'double' to 'GLfloat'
     1>c:\users\admin\documents\visual studio 2010\projects\cg_final\cg_final\source.cpp(431): warning C4305: 'argument' : truncation from 'double' to 'GLfloat'
     1>c:\users\admin\documents\visual studio 2010\projects\cg_final\cg_final\source.cpp(432): warning C4305: 'argument' : truncation from 'double' to 'GLfloat'
     1>c:\users\admin\documents\visual studio 2010\projects\cg_final\cg_final\source.cpp(432): warning C4305: 'argument' : truncation from 'double' to 'GLfloat'
     1>c:\users\admin\documents\visual studio 2010\projects\cg_final\cg_final\source.cpp(433): warning C4305: 'argument' : truncation from 'double' to 'GLfloat'
     1>c:\users\admin\documents\visual studio 2010\projects\cg_final\cg_final\source.cpp(433): warning C4305: 'argument' : truncation from 'double' to 'GLfloat'
     1>c:\users\admin\documents\visual studio 2010\projects\cg_final\cg_final\source.cpp(434): warning C4305: 'argument' : truncation from 'double' to 'GLfloat'
     1>c:\users\admin\documents\visual studio 2010\projects\cg_final\cg_final\source.cpp(444): warning C4305: 'argument' : truncation from 'double' to 'GLfloat'
     1>c:\users\admin\documents\visual studio 2010\projects\cg_final\cg_final\source.cpp(448): warning C4305: 'argument' : truncation from 'double' to 'GLfloat'
     1>c:\users\admin\documents\visual studio 2010\projects\cg_final\cg_final\source.cpp(448): warning C4305: 'argument' : truncation from 'double' to 'GLfloat'
     1>c:\users\admin\documents\visual studio 2010\projects\cg_final\cg_final\source.cpp(449): warning C4305: 'argument' : truncation from 'double' to 'GLfloat'
     1>c:\users\admin\documents\visual studio 2010\projects\cg_final\cg_final\source.cpp(449): warning C4305: 'argument' : truncation from 'double' to 'GLfloat'
     1>c:\users\admin\documents\visual studio 2010\projects\cg_final\cg_final\source.cpp(450): warning C4305: 'argument' : truncation from 'double' to 'GLfloat'
     1>c:\users\admin\documents\visual studio 2010\projects\cg_final\cg_final\source.cpp(450): warning C4305: 'argument' : truncation from 'double' to 'GLfloat'
     1>c:\users\admin\documents\visual studio 2010\projects\cg_final\cg_final\source.cpp(451): warning C4305: 'argument' : truncation from 'double' to 'GLfloat'
     1>c:\users\admin\documents\visual studio 2010\projects\cg_final\cg_final\source.cpp(451): warning C4305: 'argument' : truncation from 'double' to 'GLfloat'
     1>c:\users\admin\documents\visual studio 2010\projects\cg_final\cg_final\source.cpp(455): warning C4305: 'argument' : truncation from 'double' to 'GLfloat'
     1>c:\users\admin\documents\visual studio 2010\projects\cg_final\cg_final\source.cpp(456): warning C4305: 'argument' : truncation from 'double' to 'GLfloat'
     1>c:\users\admin\documents\visual studio 2010\projects\cg_final\cg_final\source.cpp(457): warning C4305: 'argument' : truncation from 'double' to 'GLfloat'
     1>c:\users\admin\documents\visual studio 2010\projects\cg_final\cg_final\source.cpp(458): warning C4305: 'argument' : truncation from 'double' to 'GLfloat'
     1>c:\users\admin\documents\visual studio 2010\projects\cg_final\cg_final\source.cpp(482): warning C4305: 'argument' : truncation from 'double' to 'GLfloat'
     1>c:\users\admin\documents\visual studio 2010\projects\cg_final\cg_final\source.cpp(487): warning C4305: 'argument' : truncation from 'double' to 'GLfloat'
     1>c:\users\admin\documents\visual studio 2010\projects\cg_final\cg_final\source.cpp(487): warning C4305: 'argument' : truncation from 'double' to 'GLfloat'
     1>c:\users\admin\documents\visual studio 2010\projects\cg_final\cg_final\source.cpp(488): warning C4305: 'argument' : truncation from 'double' to 'GLfloat'
     1>c:\users\admin\documents\visual studio 2010\projects\cg_final\cg_final\source.cpp(488): warning C4305: 'argument' : truncation from 'double' to 'GLfloat'
     1>c:\users\admin\documents\visual studio 2010\projects\cg_final\cg_final\source.cpp(489): warning C4305: 'argument' : truncation from 'double' to 'GLfloat'
     1>c:\users\admin\documents\visual studio 2010\projects\cg_final\cg_final\source.cpp(489): warning C4305: 'argument' : truncation from 'double' to 'GLfloat'
     1>c:\users\admin\documents\visual studio 2010\projects\cg_final\cg_final\source.cpp(490): warning C4305: 'argument' : truncation from 'double' to 'GLfloat'
     1>c:\users\admin\documents\visual studio 2010\projects\cg_final\cg_final\source.cpp(490): warning C4305: 'argument' : truncation from 'double' to 'GLfloat'
     1>c:\users\admin\documents\visual studio 2010\projects\cg_final\cg_final\source.cpp(496): warning C4305: 'argument' : truncation from 'double' to 'GLfloat'
     1>c:\users\admin\documents\visual studio 2010\projects\cg_final\cg_final\source.cpp(497): warning C4305: 'argument' : truncation from 'double' to 'GLfloat'
     1>c:\users\admin\documents\visual studio 2010\projects\cg_final\cg_final\source.cpp(497): warning C4305: 'argument' : truncation from 'double' to 'GLfloat'
     1>c:\users\admin\documents\visual studio 2010\projects\cg_final\cg_final\source.cpp(498): warning C4305: 'argument' : truncation from 'double' to 'GLfloat'
     1>c:\users\admin\documents\visual studio 2010\projects\cg_final\cg_final\source.cpp(498): warning C4305: 'argument' : truncation from 'double' to 'GLfloat'
     1>c:\users\admin\documents\visual studio 2010\projects\cg_final\cg_final\source.cpp(499): warning C4305: 'argument' : truncation from 'double' to 'GLfloat'
     1>c:\users\admin\documents\visual studio 2010\projects\cg_final\cg_final\source.cpp(508): warning C4305: 'argument' : truncation from 'double' to 'GLfloat'
     1>c:\users\admin\documents\visual studio 2010\projects\cg_final\cg_final\source.cpp(512): warning C4305: 'argument' : truncation from 'double' to 'GLfloat'
     1>c:\users\admin\documents\visual studio 2010\projects\cg_final\cg_final\source.cpp(512): warning C4305: 'argument' : truncation from 'double' to 'GLfloat'
     1>c:\users\admin\documents\visual studio 2010\projects\cg_final\cg_final\source.cpp(513): warning C4305: 'argument' : truncation from 'double' to 'GLfloat'
     1>c:\users\admin\documents\visual studio 2010\projects\cg_final\cg_final\source.cpp(513): warning C4305: 'argument' : truncation from 'double' to 'GLfloat'
     1>c:\users\admin\documents\visual studio 2010\projects\cg_final\cg_final\source.cpp(514): warning C4305: 'argument' : truncation from 'double' to 'GLfloat'
     1>c:\users\admin\documents\visual studio 2010\projects\cg_final\cg_final\source.cpp(514): warning C4305: 'argument' : truncation from 'double' to 'GLfloat'
     1>c:\users\admin\documents\visual studio 2010\projects\cg_final\cg_final\source.cpp(515): warning C4305: 'argument' : truncation from 'double' to 'GLfloat'
     1>c:\users\admin\documents\visual studio 2010\projects\cg_final\cg_final\source.cpp(515): warning C4305: 'argument' : truncation from 'double' to 'GLfloat'
     1>c:\users\admin\documents\visual studio 2010\projects\cg_final\cg_final\source.cpp(520): warning C4305: 'argument' : truncation from 'double' to 'GLfloat'
     1>c:\users\admin\documents\visual studio 2010\projects\cg_final\cg_final\source.cpp(521): warning C4305: 'argument' : truncation from 'double' to 'GLfloat'
     1>c:\users\admin\documents\visual studio 2010\projects\cg_final\cg_final\source.cpp(522): warning C4305: 'argument' : truncation from 'double' to 'GLfloat'
     1>c:\users\admin\documents\visual studio 2010\projects\cg_final\cg_final\source.cpp(523): warning C4305: 'argument' : truncation from 'double' to 'GLfloat'
     1>c:\users\admin\documents\visual studio 2010\projects\cg_final\cg_final\source.cpp(529): warning C4305: 'argument' : truncation from 'double' to 'GLfloat'
     1>c:\users\admin\documents\visual studio 2010\projects\cg_final\cg_final\source.cpp(534): warning C4305: 'argument' : truncation from 'double' to 'GLfloat'
     1>c:\users\admin\documents\visual studio 2010\projects\cg_final\cg_final\source.cpp(535): warning C4305: 'argument' : truncation from 'double' to 'GLfloat'
     1>c:\users\admin\documents\visual studio 2010\projects\cg_final\cg_final\source.cpp(539): warning C4305: 'argument' : truncation from 'double' to 'GLfloat'
     1>c:\users\admin\documents\visual studio 2010\projects\cg_final\cg_final\source.cpp(540): warning C4305: 'argument' : truncation from 'double' to 'GLfloat'
     1>c:\users\admin\documents\visual studio 2010\projects\cg_final\cg_final\source.cpp(544): warning C4305: 'argument' : truncation from 'double' to 'GLfloat'
     1>c:\users\admin\documents\visual studio 2010\projects\cg_final\cg_final\source.cpp(545): warning C4305: 'argument' : truncation from 'double' to 'GLfloat'
     1>c:\users\admin\documents\visual studio 2010\projects\cg_final\cg_final\source.cpp(549): warning C4305: 'argument' : truncation from 'double' to 'GLfloat'
     1>c:\users\admin\documents\visual studio 2010\projects\cg_final\cg_final\source.cpp(550): warning C4305: 'argument' : truncation from 'double' to 'GLfloat'
     1>c:\users\admin\documents\visual studio 2010\projects\cg_final\cg_final\source.cpp(550): warning C4305: 'argument' : truncation from 'double' to 'GLfloat'
     1>c:\users\admin\documents\visual studio 2010\projects\cg_final\cg_final\source.cpp(554): warning C4305: 'argument' : truncation from 'double' to 'GLfloat'
     1>c:\users\admin\documents\visual studio 2010\projects\cg_final\cg_final\source.cpp(555): warning C4305: 'argument' : truncation from 'double' to 'GLfloat'
     1>c:\users\admin\documents\visual studio 2010\projects\cg_final\cg_final\source.cpp(555): warning C4305: 'argument' : truncation from 'double' to 'GLfloat'
     1>c:\users\admin\documents\visual studio 2010\projects\cg_final\cg_final\source.cpp(596): warning C4305: 'argument' : truncation from 'double' to 'GLfloat'
     1>c:\users\admin\documents\visual studio 2010\projects\cg_final\cg_final\source.cpp(597): warning C4305: 'argument' : truncation from 'double' to 'GLfloat'
     1>c:\users\admin\documents\visual studio 2010\projects\cg_final\cg_final\source.cpp(598): warning C4305: 'argument' : truncation from 'double' to 'GLfloat'
     1>c:\users\admin\documents\visual studio 2010\projects\cg_final\cg_final\source.cpp(599): warning C4305: 'argument' : truncation from 'double' to 'GLfloat'
     1>c:\users\admin\documents\visual studio 2010\projects\cg_final\cg_final\source.cpp(605): warning C4305: 'argument' : truncation from 'double' to 'GLfloat'
     1>c:\users\admin\documents\visual studio 2010\projects\cg_final\cg_final\source.cpp(612): warning C4305: 'argument' : truncation from 'double' to 'GLfloat'
     1>c:\users\admin\documents\visual studio 2010\projects\cg_final\cg_final\source.cpp(613): warning C4305: 'argument' : truncation from 'double' to 'GLfloat'
     1>c:\users\admin\documents\visual studio 2010\projects\cg_final\cg_final\source.cpp(613): warning C4305: 'argument' : truncation from 'double' to 'GLfloat'
     1>c:\users\admin\documents\visual studio 2010\projects\cg_final\cg_final\source.cpp(614): warning C4305: 'argument' : truncation from 'double' to 'GLfloat'
     1>c:\users\admin\documents\visual studio 2010\projects\cg_final\cg_final\source.cpp(614): warning C4305: 'argument' : truncation from 'double' to 'GLfloat'
     1>c:\users\admin\documents\visual studio 2010\projects\cg_final\cg_final\source.cpp(615): warning C4305: 'argument' : truncation from 'double' to 'GLfloat'
     1>c:\users\admin\documents\visual studio 2010\projects\cg_final\cg_final\source.cpp(624): warning C4305: 'argument' : truncation from 'double' to 'GLfloat'
     1>c:\users\admin\documents\visual studio 2010\projects\cg_final\cg_final\source.cpp(628): warning C4305: 'argument' : truncation from 'double' to 'GLfloat'
     1>c:\users\admin\documents\visual studio 2010\projects\cg_final\cg_final\source.cpp(628): warning C4305: 'argument' : truncation from 'double' to 'GLfloat'
     1>c:\users\admin\documents\visual studio 2010\projects\cg_final\cg_final\source.cpp(629): warning C4305: 'argument' : truncation from 'double' to 'GLfloat'
     1>c:\users\admin\documents\visual studio 2010\projects\cg_final\cg_final\source.cpp(629): warning C4305: 'argument' : truncation from 'double' to 'GLfloat'
     1>c:\users\admin\documents\visual studio 2010\projects\cg_final\cg_final\source.cpp(630): warning C4305: 'argument' : truncation from 'double' to 'GLfloat'
     1>c:\users\admin\documents\visual studio 2010\projects\cg_final\cg_final\source.cpp(630): warning C4305: 'argument' : truncation from 'double' to 'GLfloat'
     1>c:\users\admin\documents\visual studio 2010\projects\cg_final\cg_final\source.cpp(631): warning C4305: 'argument' : truncation from 'double' to 'GLfloat'
     1>c:\users\admin\documents\visual studio 2010\projects\cg_final\cg_final\source.cpp(631): warning C4305: 'argument' : truncation from 'double' to 'GLfloat'
     1>c:\users\admin\documents\visual studio 2010\projects\cg_final\cg_final\source.cpp(635): warning C4305: 'argument' : truncation from 'double' to 'GLfloat'
     1>c:\users\admin\documents\visual studio 2010\projects\cg_final\cg_final\source.cpp(636): warning C4305: 'argument' : truncation from 'double' to 'GLfloat'
     1>c:\users\admin\documents\visual studio 2010\projects\cg_final\cg_final\source.cpp(637): warning C4305: 'argument' : truncation from 'double' to 'GLfloat'
     1>c:\users\admin\documents\visual studio 2010\projects\cg_final\cg_final\source.cpp(638): warning C4305: 'argument' : truncation from 'double' to 'GLfloat'
     1>c:\users\admin\documents\visual studio 2010\projects\cg_final\cg_final\source.cpp(676): warning C4305: '+=' : truncation from 'double' to 'GLfloat'
     1>c:\users\admin\documents\visual studio 2010\projects\cg_final\cg_final\source.cpp(678): warning C4305: '+=' : truncation from 'double' to 'GLfloat'
     1>c:\users\admin\documents\visual studio 2010\projects\cg_final\cg_final\source.cpp(680): warning C4305: '+=' : truncation from 'double' to 'GLfloat'
     1>c:\users\admin\documents\visual studio 2010\projects\cg_final\cg_final\source.cpp(691): warning C4305: '+=' : truncation from 'double' to 'GLfloat'
     1>c:\users\admin\documents\visual studio 2010\projects\cg_final\cg_final\source.cpp(693): warning C4305: '+=' : truncation from 'double' to 'GLfloat'
     1>c:\users\admin\documents\visual studio 2010\projects\cg_final\cg_final\source.cpp(705): warning C4305: '-=' : truncation from 'double' to 'GLfloat'
     1>c:\users\admin\documents\visual studio 2010\projects\cg_final\cg_final\source.cpp(707): warning C4305: '+=' : truncation from 'double' to 'GLfloat'
     1>c:\users\admin\documents\visual studio 2010\projects\cg_final\cg_final\source.cpp(719): warning C4305: '-=' : truncation from 'double' to 'GLfloat'
     1>c:\users\admin\documents\visual studio 2010\projects\cg_final\cg_final\source.cpp(721): warning C4305: '-=' : truncation from 'double' to 'GLfloat'
     1>c:\users\admin\documents\visual studio 2010\projects\cg_final\cg_final\source.cpp(723): warning C4305: '-=' : truncation from 'double' to 'GLfloat'
       ManifestResourceCompile:
         All outputs are up-to-date.
       Link:
         C:\Program Files (x86)\Microsoft Visual Studio 10.0\VC\bin\link.exe /ERRORREPORT:PROMPT /OUT:"C:\Users\ADMIN\documents\visual studio 2010\Projects\cg_final\Debug\cg_final.exe" /INCREMENTAL /NOLOGO kernel32.lib user32.lib gdi32.lib winspool.lib comdlg32.lib advapi32.lib shell32.lib ole32.lib oleaut32.lib uuid.lib odbc32.lib odbccp32.lib /MANIFEST /ManifestFile:"Debug\cg_final.exe.intermediate.manifest" /MANIFESTUAC:"level='asInvoker' uiAccess='false'" /DEBUG /PDB:"C:\Users\ADMIN\documents\visual studio 2010\Projects\cg_final\Debug\cg_final.pdb" /SUBSYSTEM:CONSOLE /TLBID:1 /DYNAMICBASE /NXCOMPAT /IMPLIB:"C:\Users\ADMIN\documents\visual studio 2010\Projects\cg_final\Debug\cg_final.lib" /MACHINE:X86 Debug\cg_final.exe.embed.manifest.res
         Debug\source.obj
       Manifest:
         C:\Program Files (x86)\Microsoft SDKs\Windows\v7.0A\bin\mt.exe /nologo /verbose /out:"Debug\cg_final.exe.embed.manifest" /manifest Debug\cg_final.exe.intermediate.manifest
         All outputs are up-to-date.
       LinkEmbedManifest:
         All outputs are up-to-date.
         cg_final.vcxproj -> C:\Users\ADMIN\documents\visual studio 2010\Projects\cg_final\Debug\cg_final.exe
       FinalizeBuildStatus:
         Deleting file "Debug\cg_final.unsuccessfulbuild".
         Touching "Debug\cg_final.lastbuildstate".
     1>Done Building Project "C:\Users\ADMIN\documents\visual studio 2010\Projects\cg_final\cg_final\cg_final.vcxproj" (build target(s)).

Build succeeded.

Time Elapsed 00:00:01.66
